This is pdfTeX, Version 3.141592653-2.6-1.40.22 (TeX Live 2022/dev/Debian) (preloaded format=pdflatex 2024.3.26)  5 APR 2024 22:21
entering extended mode
 restricted \write18 enabled.
 file:line:error style messages enabled.
 %&-line parsing enabled.
**/home/alessia/Desktop/UNI/ComputerVision/ComputerVision/main.tex
(/home/alessia/Desktop/UNI/ComputerVision/ComputerVision/main.tex
LaTeX2e <2021-11-15> patch level 1
L3 programming layer <2022-01-21> (/usr/share/texlive/texmf-dist/tex/latex/base/report.cls
Document Class: report 2021/10/04 v1.4n Standard LaTeX document class
(/usr/share/texlive/texmf-dist/tex/latex/base/size12.clo
File: size12.clo 2021/10/04 v1.4n Standard LaTeX file (size option)
)
\c@part=\count185
\c@chapter=\count186
\c@section=\count187
\c@subsection=\count188
\c@subsubsection=\count189
\c@paragraph=\count190
\c@subparagraph=\count191
\c@figure=\count192
\c@table=\count193
\abovecaptionskip=\skip47
\belowcaptionskip=\skip48
\bibindent=\dimen138
) (./PackagesAndSettings.tex (/usr/share/texlive/texmf-dist/tex/latex/geometry/geometry.sty
Package: geometry 2020/01/02 v5.9 Page Geometry
 (/usr/share/texlive/texmf-dist/tex/latex/graphics/keyval.sty
Package: keyval 2014/10/28 v1.15 key=value parser (DPC)
\KV@toks@=\toks16
) (/usr/share/texlive/texmf-dist/tex/generic/iftex/ifvtex.sty
Package: ifvtex 2019/10/25 v1.7 ifvtex legacy package. Use iftex instead.
 (/usr/share/texlive/texmf-dist/tex/generic/iftex/iftex.sty
Package: iftex 2020/03/06 v1.0d TeX engine tests
))
\Gm@cnth=\count194
\Gm@cntv=\count195
\c@Gm@tempcnt=\count196
\Gm@bindingoffset=\dimen139
\Gm@wd@mp=\dimen140
\Gm@odd@mp=\dimen141
\Gm@even@mp=\dimen142
\Gm@layoutwidth=\dimen143
\Gm@layoutheight=\dimen144
\Gm@layouthoffset=\dimen145
\Gm@layoutvoffset=\dimen146
\Gm@dimlist=\toks17
) (/usr/share/texlive/texmf-dist/tex/latex/fancyhdr/fancyhdr.sty
Package: fancyhdr 2021/01/28 v4.0.1 Extensive control of page headers and footers
\f@nch@headwidth=\skip49
\f@nch@O@elh=\skip50
\f@nch@O@erh=\skip51
\f@nch@O@olh=\skip52
\f@nch@O@orh=\skip53
\f@nch@O@elf=\skip54
\f@nch@O@erf=\skip55
\f@nch@O@olf=\skip56
\f@nch@O@orf=\skip57
) (/usr/share/texlive/texmf-dist/tex/latex/tools/tabularx.sty
Package: tabularx 2020/01/15 v2.11c `tabularx' package (DPC)
 (/usr/share/texlive/texmf-dist/tex/latex/tools/array.sty
Package: array 2021/10/04 v2.5f Tabular extension package (FMi)
\col@sep=\dimen147
\ar@mcellbox=\box50
\extrarowheight=\dimen148
\NC@list=\toks18
\extratabsurround=\skip58
\backup@length=\skip59
\ar@cellbox=\box51
)
\TX@col@width=\dimen149
\TX@old@table=\dimen150
\TX@old@col=\dimen151
\TX@target=\dimen152
\TX@delta=\dimen153
\TX@cols=\count197
\TX@ftn=\toks19
) (/usr/share/texlive/texmf-dist/tex/generic/babel/babel.sty
Package: babel 2022/01/26 3.70 The Babel package
\babel@savecnt=\count198
\U@D=\dimen154
\l@unhyphenated=\language87
 (/usr/share/texlive/texmf-dist/tex/generic/babel/txtbabel.def)
\bbl@readstream=\read2
\bbl@dirlevel=\count199
 (/usr/share/texlive/texmf-dist/tex/generic/babel-english/english.ldf
Language: english 2017/06/06 v3.3r English support from the babel system
Package babel Info: Hyphen rules for 'canadian' set to \l@english
(babel)             (\language0). Reported on input line 102.
Package babel Info: Hyphen rules for 'australian' set to \l@ukenglish
(babel)             (\language81). Reported on input line 105.
Package babel Info: Hyphen rules for 'newzealand' set to \l@ukenglish
(babel)             (\language81). Reported on input line 108.
)) (/usr/share/texlive/texmf-dist/tex/latex/base/inputenc.sty
Package: inputenc 2021/02/14 v1.3d Input encoding file
\inpenc@prehook=\toks20
\inpenc@posthook=\toks21
) (/usr/share/texlive/texmf-dist/tex/latex/graphics/graphicx.sty
Package: graphicx 2021/09/16 v1.2d Enhanced LaTeX Graphics (DPC,SPQR)
 (/usr/share/texlive/texmf-dist/tex/latex/graphics/graphics.sty
Package: graphics 2021/03/04 v1.4d Standard LaTeX Graphics (DPC,SPQR)
 (/usr/share/texlive/texmf-dist/tex/latex/graphics/trig.sty
Package: trig 2021/08/11 v1.11 sin cos tan (DPC)
) (/usr/share/texlive/texmf-dist/tex/latex/graphics-cfg/graphics.cfg
File: graphics.cfg 2016/06/04 v1.11 sample graphics configuration
)
Package graphics Info: Driver file: pdftex.def on input line 107.
 (/usr/share/texlive/texmf-dist/tex/latex/graphics-def/pdftex.def
File: pdftex.def 2020/10/05 v1.2a Graphics/color driver for pdftex
))
\Gin@req@height=\dimen155
\Gin@req@width=\dimen156
) (/usr/share/texlive/texmf-dist/tex/latex/titling/titling.sty
Package: titling 2009/09/04 v2.1d maketitle typesetting
\thanksmarkwidth=\skip60
\thanksmargin=\skip61
\droptitle=\skip62
) (/usr/share/texlive/texmf-dist/tex/latex/datetime/datetime.sty
Package: datetime 2015/03/20 v2.60 Date Time Package
 (/usr/share/texlive/texmf-dist/tex/latex/etoolbox/etoolbox.sty
Package: etoolbox 2020/10/05 v2.5k e-TeX tools for LaTeX (JAW)
\etb@tempcnta=\count266
) (/usr/share/texlive/texmf-dist/tex/latex/fmtcount/fmtcount.sty
Package: fmtcount 2020/01/30 v3.07
 (/usr/share/texlive/texmf-dist/tex/latex/base/ifthen.sty
Package: ifthen 2020/11/24 v1.1c Standard LaTeX ifthen package (DPC)
) (/usr/share/texlive/texmf-dist/tex/latex/xkeyval/xkeyval.sty
Package: xkeyval 2020/11/20 v2.8 package option processing (HA)
 (/usr/share/texlive/texmf-dist/tex/generic/xkeyval/xkeyval.tex (/usr/share/texlive/texmf-dist/tex/generic/xkeyval/xkvutils.tex
\XKV@toks=\toks22
\XKV@tempa@toks=\toks23
)
\XKV@depth=\count267
File: xkeyval.tex 2014/12/03 v2.7a key=value parser (HA)
)) (/usr/share/texlive/texmf-dist/tex/latex/fmtcount/fcprefix.sty
Package: fcprefix 2012/09/28
 (/usr/share/texlive/texmf-dist/tex/latex/fmtcount/fcnumparser.sty
Package: fcnumparser 2017/06/15
\fc@digit@counter=\count268
)) (/usr/share/texlive/texmf-dist/tex/latex/amsmath/amsgen.sty
File: amsgen.sty 1999/11/30 v2.0 generic functions
\@emptytoks=\toks24
\ex@=\dimen157
)
\c@padzeroesN=\count269
\fc@tmpcatcode=\count270
 (/usr/share/texlive/texmf-dist/tex/latex/fmtcount/fc-english.def
File: fc-english.def 2016/01/12
)
\@DT@modctr=\count271
\@ordinalctr=\count272
\@orgargctr=\count273
\@strctr=\count274
\@tmpstrctr=\count275
\@DT@loopN=\count276
\@DT@X=\count277
) (/usr/share/texlive/texmf-dist/tex/latex/datetime/datetime-defaults.sty
Package: datetime-defaults 2013/09/10
)
\@day=\count278
\@month=\count279
\@year=\count280
\c@HOUR=\count281
\c@HOURXII=\count282
\c@MINUTE=\count283
\c@TOHOUR=\count284
\c@TOMINUTE=\count285
\c@SECOND=\count286
\currenthour=\count287
\currentminute=\count288
\currentsecond=\count289
Package datetime Info: No datetime.cfg file found, using default settings on input line 308.
\@dtctr=\count290
\dayofyear=\count291
\dayofweek=\count292
LaTeX Info: Redefining \today on input line 736.
\dt@a=\toks25
\dt@b=\toks26
) (/usr/share/texlive/texmf-dist/tex/latex/caption/subcaption.sty
Package: subcaption 2020/10/07 v1.3j Sub-captions (AR)
 (/usr/share/texlive/texmf-dist/tex/latex/caption/caption.sty
Package: caption 2020/10/26 v3.5g Customizing captions (AR)
 (/usr/share/texlive/texmf-dist/tex/latex/caption/caption3.sty
Package: caption3 2020/10/21 v2.2e caption3 kernel (AR)
\captionmargin=\dimen158
\captionmargin@=\dimen159
\captionwidth=\dimen160
\caption@tempdima=\dimen161
\caption@indent=\dimen162
\caption@parindent=\dimen163
\caption@hangindent=\dimen164
Package caption Info: Standard document class detected.
)
\c@caption@flags=\count293
\c@continuedfloat=\count294
)
\c@subfigure=\count295
\c@subtable=\count296
) (/usr/share/texlive/texmf-dist/tex/latex/amsmath/amsmath.sty
Package: amsmath 2021/10/15 v2.17l AMS math features
\@mathmargin=\skip63

For additional information on amsmath, use the `?' option.
(/usr/share/texlive/texmf-dist/tex/latex/amsmath/amstext.sty
Package: amstext 2021/08/26 v2.01 AMS text
) (/usr/share/texlive/texmf-dist/tex/latex/amsmath/amsbsy.sty
Package: amsbsy 1999/11/29 v1.2d Bold Symbols
\pmbraise@=\dimen165
) (/usr/share/texlive/texmf-dist/tex/latex/amsmath/amsopn.sty
Package: amsopn 2021/08/26 v2.02 operator names
)
\inf@bad=\count297
LaTeX Info: Redefining \frac on input line 234.
\uproot@=\count298
\leftroot@=\count299
LaTeX Info: Redefining \overline on input line 399.
\classnum@=\count300
\DOTSCASE@=\count301
LaTeX Info: Redefining \ldots on input line 496.
LaTeX Info: Redefining \dots on input line 499.
LaTeX Info: Redefining \cdots on input line 620.
\Mathstrutbox@=\box52
\strutbox@=\box53
\big@size=\dimen166
LaTeX Font Info:    Redeclaring font encoding OML on input line 743.
LaTeX Font Info:    Redeclaring font encoding OMS on input line 744.
\macc@depth=\count302
\c@MaxMatrixCols=\count303
\dotsspace@=\muskip16
\c@parentequation=\count304
\dspbrk@lvl=\count305
\tag@help=\toks27
\row@=\count306
\column@=\count307
\maxfields@=\count308
\andhelp@=\toks28
\eqnshift@=\dimen167
\alignsep@=\dimen168
\tagshift@=\dimen169
\tagwidth@=\dimen170
\totwidth@=\dimen171
\lineht@=\dimen172
\@envbody=\toks29
\multlinegap=\skip64
\multlinetaggap=\skip65
\mathdisplay@stack=\toks30
LaTeX Info: Redefining \[ on input line 2938.
LaTeX Info: Redefining \] on input line 2939.
) (/usr/share/texlive/texmf-dist/tex/latex/amsfonts/amsfonts.sty
Package: amsfonts 2013/01/14 v3.01 Basic AMSFonts support
\symAMSa=\mathgroup4
\symAMSb=\mathgroup5
LaTeX Font Info:    Redeclaring math symbol \hbar on input line 98.
LaTeX Font Info:    Overwriting math alphabet `\mathfrak' in version `bold'
(Font)                  U/euf/m/n --> U/euf/b/n on input line 106.
) (/usr/share/texlive/texmf-dist/tex/latex/hyperref/hyperref.sty
Package: hyperref 2021-06-07 v7.00m Hypertext links for LaTeX
 (/usr/share/texlive/texmf-dist/tex/generic/ltxcmds/ltxcmds.sty
Package: ltxcmds 2020-05-10 v1.25 LaTeX kernel commands for general use (HO)
) (/usr/share/texlive/texmf-dist/tex/generic/pdftexcmds/pdftexcmds.sty
Package: pdftexcmds 2020-06-27 v0.33 Utility functions of pdfTeX for LuaTeX (HO)
 (/usr/share/texlive/texmf-dist/tex/generic/infwarerr/infwarerr.sty
Package: infwarerr 2019/12/03 v1.5 Providing info/warning/error messages (HO)
)
Package pdftexcmds Info: \pdf@primitive is available.
Package pdftexcmds Info: \pdf@ifprimitive is available.
Package pdftexcmds Info: \pdfdraftmode found.
) (/usr/share/texlive/texmf-dist/tex/generic/kvsetkeys/kvsetkeys.sty
Package: kvsetkeys 2019/12/15 v1.18 Key value parser (HO)
) (/usr/share/texlive/texmf-dist/tex/generic/kvdefinekeys/kvdefinekeys.sty
Package: kvdefinekeys 2019-12-19 v1.6 Define keys (HO)
) (/usr/share/texlive/texmf-dist/tex/generic/pdfescape/pdfescape.sty
Package: pdfescape 2019/12/09 v1.15 Implements pdfTeX's escape features (HO)
) (/usr/share/texlive/texmf-dist/tex/latex/hycolor/hycolor.sty
Package: hycolor 2020-01-27 v1.10 Color options for hyperref/bookmark (HO)
) (/usr/share/texlive/texmf-dist/tex/latex/letltxmacro/letltxmacro.sty
Package: letltxmacro 2019/12/03 v1.6 Let assignment for LaTeX macros (HO)
) (/usr/share/texlive/texmf-dist/tex/latex/auxhook/auxhook.sty
Package: auxhook 2019-12-17 v1.6 Hooks for auxiliary files (HO)
) (/usr/share/texlive/texmf-dist/tex/latex/kvoptions/kvoptions.sty
Package: kvoptions 2020-10-07 v3.14 Key value format for package options (HO)
)
\@linkdim=\dimen173
\Hy@linkcounter=\count309
\Hy@pagecounter=\count310
 (/usr/share/texlive/texmf-dist/tex/latex/hyperref/pd1enc.def
File: pd1enc.def 2021-06-07 v7.00m Hyperref: PDFDocEncoding definition (HO)
Now handling font encoding PD1 ...
... no UTF-8 mapping file for font encoding PD1
) (/usr/share/texlive/texmf-dist/tex/latex/hyperref/hyperref-langpatches.def
File: hyperref-langpatches.def 2021-06-07 v7.00m Hyperref: patches for babel languages
) (/usr/share/texlive/texmf-dist/tex/generic/intcalc/intcalc.sty
Package: intcalc 2019/12/15 v1.3 Expandable calculations with integers (HO)
) (/usr/share/texlive/texmf-dist/tex/generic/etexcmds/etexcmds.sty
Package: etexcmds 2019/12/15 v1.7 Avoid name clashes with e-TeX commands (HO)
)
\Hy@SavedSpaceFactor=\count311
 (/usr/share/texlive/texmf-dist/tex/latex/hyperref/puenc.def
File: puenc.def 2021-06-07 v7.00m Hyperref: PDF Unicode definition (HO)
Now handling font encoding PU ...
... no UTF-8 mapping file for font encoding PU
)
Package hyperref Info: Hyper figures OFF on input line 4192.
Package hyperref Info: Link nesting OFF on input line 4197.
Package hyperref Info: Hyper index ON on input line 4200.
Package hyperref Info: Plain pages OFF on input line 4207.
Package hyperref Info: Backreferencing OFF on input line 4212.
Package hyperref Info: Implicit mode ON; LaTeX internals redefined.
Package hyperref Info: Bookmarks ON on input line 4445.
\c@Hy@tempcnt=\count312
 (/usr/share/texlive/texmf-dist/tex/latex/url/url.sty
\Urlmuskip=\muskip17
Package: url 2013/09/16  ver 3.4  Verb mode for urls, etc.
)
LaTeX Info: Redefining \url on input line 4804.
\XeTeXLinkMargin=\dimen174
 (/usr/share/texlive/texmf-dist/tex/generic/bitset/bitset.sty
Package: bitset 2019/12/09 v1.3 Handle bit-vector datatype (HO)
 (/usr/share/texlive/texmf-dist/tex/generic/bigintcalc/bigintcalc.sty
Package: bigintcalc 2019/12/15 v1.5 Expandable calculations on big integers (HO)
))
\Fld@menulength=\count313
\Field@Width=\dimen175
\Fld@charsize=\dimen176
Package hyperref Info: Hyper figures OFF on input line 6076.
Package hyperref Info: Link nesting OFF on input line 6081.
Package hyperref Info: Hyper index ON on input line 6084.
Package hyperref Info: backreferencing OFF on input line 6091.
Package hyperref Info: Link coloring OFF on input line 6096.
Package hyperref Info: Link coloring with OCG OFF on input line 6101.
Package hyperref Info: PDF/A mode OFF on input line 6106.
LaTeX Info: Redefining \ref on input line 6146.
LaTeX Info: Redefining \pageref on input line 6150.
 (/usr/share/texlive/texmf-dist/tex/latex/base/atbegshi-ltx.sty
Package: atbegshi-ltx 2021/01/10 v1.0c Emulation of the original atbegshi
package with kernel methods
)
\Hy@abspage=\count314
\c@Item=\count315
\c@Hfootnote=\count316
)
Package hyperref Info: Driver (autodetected): hpdftex.
 (/usr/share/texlive/texmf-dist/tex/latex/hyperref/hpdftex.def
File: hpdftex.def 2021-06-07 v7.00m Hyperref driver for pdfTeX
 (/usr/share/texlive/texmf-dist/tex/latex/base/atveryend-ltx.sty
Package: atveryend-ltx 2020/08/19 v1.0a Emulation of the original atveryend package
with kernel methods
)
\Fld@listcount=\count317
\c@bookmark@seq@number=\count318
 (/usr/share/texlive/texmf-dist/tex/latex/rerunfilecheck/rerunfilecheck.sty
Package: rerunfilecheck 2019/12/05 v1.9 Rerun checks for auxiliary files (HO)
 (/usr/share/texlive/texmf-dist/tex/generic/uniquecounter/uniquecounter.sty
Package: uniquecounter 2019/12/15 v1.4 Provide unlimited unique counter (HO)
)
Package uniquecounter Info: New unique counter `rerunfilecheck' on input line 286.
)
\Hy@SectionHShift=\skip66
)
Package hyperref Info: Option `colorlinks' set `true' on input line 35.
 (/usr/share/texlive/texmf-dist/tex/latex/glossaries/base/glossaries.sty
Package: glossaries 2021/11/01 v4.49 (NLCT)
 (/usr/share/texlive/texmf-dist/tex/latex/mfirstuc/mfirstuc.sty
Package: mfirstuc 2021/10/15 v2.07 (NLCT)
\@glsmfirst=\toks31
\@glsmrest=\toks32
) (/usr/share/texlive/texmf-dist/tex/latex/textcase/textcase.sty
Package: textcase 2019/09/14 v1.00 Text only upper/lower case changing (DPC)
) (/usr/share/texlive/texmf-dist/tex/latex/xfor/xfor.sty
Package: xfor 2009/02/05 v1.05 (NLCT)
) (/usr/share/texlive/texmf-dist/tex/latex/datatool/datatool-base.sty
Package: datatool-base 2019/09/27 v2.32 (NLCT)
 (/usr/share/texlive/texmf-dist/tex/latex/substr/substr.sty
Package: substr 2009/10/20 v1.2 Handle substrings
\c@su@anzahl=\count319
) (/usr/share/texlive/texmf-dist/tex/latex/datatool/datatool-fp.sty
Package: datatool-fp 2019/09/27 v2.32 (NLCT)
 (/usr/share/texlive/texmf-dist/tex/latex/fp/fp.sty
Package: fp 1995/04/02
 `Fixed Point Package', Version 0.8, April 2, 1995 (C) Michael Mehlich (/usr/share/texlive/texmf-dist/tex/latex/fp/defpattern.sty
Package: defpattern 1994/10/12
\actioncount=\count320
) (/usr/share/texlive/texmf-dist/tex/latex/fp/fp-basic.sty
Package: fp-basic 1996/05/13
\FP@xs=\count321
\FP@xia=\count322
\FP@xib=\count323
\FP@xfa=\count324
\FP@xfb=\count325
\FP@rega=\count326
\FP@regb=\count327
\FP@regs=\count328
\FP@times=\count329
) (/usr/share/texlive/texmf-dist/tex/latex/fp/fp-addons.sty
Package: fp-addons 1995/03/15
) (/usr/share/texlive/texmf-dist/tex/latex/fp/fp-snap.sty
Package: fp-snap 1995/04/05
) (/usr/share/texlive/texmf-dist/tex/latex/fp/fp-exp.sty
Package: fp-exp 1995/04/03
) (/usr/share/texlive/texmf-dist/tex/latex/fp/fp-trigo.sty
Package: fp-trigo 1995/04/14
) (/usr/share/texlive/texmf-dist/tex/latex/fp/fp-pas.sty
Package: fp-pas 1994/08/29
) (/usr/share/texlive/texmf-dist/tex/latex/fp/fp-random.sty
Package: fp-random 1995/02/23
\FPseed=\count330
) (/usr/share/texlive/texmf-dist/tex/latex/fp/fp-eqn.sty
Package: fp-eqn 1995/04/03
) (/usr/share/texlive/texmf-dist/tex/latex/fp/fp-upn.sty
Package: fp-upn 1996/10/21
) (/usr/share/texlive/texmf-dist/tex/latex/fp/fp-eval.sty
Package: fp-eval 1995/04/03
)))
\@dtl@toks=\toks33
\@dtl@tmpcount=\count331
\dtl@tmplength=\skip67
\dtl@sortresult=\count332
\@dtl@numgrpsepcount=\count333
\@dtl@datatype=\count334
\dtl@codeA=\count335
\dtl@codeB=\count336
\@dtl@foreach@level=\count337
) (/usr/share/texlive/texmf-dist/tex/latex/glossaries/base/glossaries-compatible-307.sty
Package: glossaries-compatible-307 2021/11/01 v4.49 (NLCT)
) (/usr/share/texlive/texmf-dist/tex/latex/tracklang/tracklang.sty
Package: tracklang 2020/06/30 v1.5 (NLCT) Track Languages
 (/usr/share/texlive/texmf-dist/tex/generic/tracklang/tracklang.tex)) (/usr/share/texlive/texmf-dist/tex/latex/translator/translator.sty
Package: translator 2021-05-31 v1.12d Easy translation of strings in LaTeX
) (/usr/share/texlive/texmf-dist/tex/latex/glossaries-english/glossaries-english.ldf
File: glossaries-english.ldf 2014/11/23 v1.0
)
\gls@level=\count338
\@gls@tmpb=\toks34
\gls@tmplen=\skip68
\glskeylisttok=\toks35
\glslabeltok=\toks36
\glsshorttok=\toks37
\glslongtok=\toks38
 (/usr/share/texlive/texmf-dist/tex/latex/glossaries/styles/glossary-hypernav.sty
Package: glossary-hypernav 2021/11/01 v4.49 (NLCT)
) (/usr/share/texlive/texmf-dist/tex/latex/glossaries/styles/glossary-list.sty
Package: glossary-list 2021/11/01 v4.49 (NLCT)
\glslistdottedwidth=\skip69
) (/usr/share/texlive/texmf-dist/tex/latex/glossaries/styles/glossary-long.sty
Package: glossary-long 2021/11/01 v4.49 (NLCT)
 (/usr/share/texlive/texmf-dist/tex/latex/tools/longtable.sty
Package: longtable 2021-09-01 v4.17 Multi-page Table package (DPC)
\LTleft=\skip70
\LTright=\skip71
\LTpre=\skip72
\LTpost=\skip73
\LTchunksize=\count339
\LTcapwidth=\dimen177
\LT@head=\box54
\LT@firsthead=\box55
\LT@foot=\box56
\LT@lastfoot=\box57
\LT@gbox=\box58
\LT@cols=\count340
\LT@rows=\count341
\c@LT@tables=\count342
\c@LT@chunks=\count343
\LT@p@ftn=\toks39
)
\glsdescwidth=\skip74
\glspagelistwidth=\skip75
) (/usr/share/texlive/texmf-dist/tex/latex/glossaries/styles/glossary-super.sty
Package: glossary-super 2021/11/01 v4.49 (NLCT)
 (/usr/share/texlive/texmf-dist/tex/latex/supertabular/supertabular.sty
Package: supertabular 2020/02/02 v4.1g the supertabular environment
\c@tracingst=\count344
\ST@wd=\dimen178
\ST@rightskip=\skip76
\ST@leftskip=\skip77
\ST@parfillskip=\skip78
\ST@pageleft=\dimen179
\ST@headht=\dimen180
\ST@tailht=\dimen181
\ST@pagesofar=\dimen182
\ST@pboxht=\dimen183
\ST@lineht=\dimen184
\ST@prevht=\dimen185
\ST@toadd=\dimen186
\ST@dimen=\dimen187
\ST@pbox=\box59
)) (/usr/share/texlive/texmf-dist/tex/latex/glossaries/styles/glossary-tree.sty
Package: glossary-tree 2021/11/01 v4.49 (NLCT)
\glstreeindent=\skip79
))
\glswrite=\write3
\glo@main@file=\write4
\openout4 = `main.glo'.

Package glossaries Info: Writing glossary file main.glo on input line 38.
\glo@acronym@file=\write5
\openout5 = `main.acn'.

Package glossaries Info: Writing glossary file main.acn on input line 38.
) (/usr/share/texlive/texmf-dist/tex/latex/l3backend/l3backend-pdftex.def
File: l3backend-pdftex.def 2022-01-12 L3 backend support: PDF output (pdfTeX)
\l__color_backend_stack_int=\count345
\l__pdf_internal_box=\box60
) (./main.aux (./TitlePage.aux) (./Chapter1.aux

LaTeX Warning: Label `fig:enter-label' multiply defined.


LaTeX Warning: Label `fig:enter-label' multiply defined.


LaTeX Warning: Label `fig:enter-label' multiply defined.


LaTeX Warning: Label `fig:enter-label' multiply defined.


LaTeX Warning: Label `fig:enter-label' multiply defined.


LaTeX Warning: Label `fig:enter-label' multiply defined.


LaTeX Warning: Label `fig:enter-label' multiply defined.


LaTeX Warning: Label `fig:enter-label' multiply defined.


LaTeX Warning: Label `fig:enter-label' multiply defined.


LaTeX Warning: Label `fig:subim1' multiply defined.


LaTeX Warning: Label `sub@fig:subim1' multiply defined.


LaTeX Warning: Label `fig:subim2' multiply defined.


LaTeX Warning: Label `sub@fig:subim2' multiply defined.


LaTeX Warning: Label `fig:image2' multiply defined.

) (./Chapter2.aux

LaTeX Warning: Label `fig:subim1' multiply defined.


LaTeX Warning: Label `sub@fig:subim1' multiply defined.


LaTeX Warning: Label `fig:subim2' multiply defined.


LaTeX Warning: Label `sub@fig:subim2' multiply defined.


LaTeX Warning: Label `fig:image2' multiply defined.

) (./Chapter3.aux

LaTeX Warning: Label `fig:image2' multiply defined.

) (./Chapter4.aux) (./Chapter5.aux) (./Chapter6.aux) (./Chapter7.aux) (./Chapter8.aux))
\openout1 = `main.aux'.

LaTeX Font Info:    Checking defaults for OML/cmm/m/it on input line 8.
LaTeX Font Info:    ... okay on input line 8.
LaTeX Font Info:    Checking defaults for OMS/cmsy/m/n on input line 8.
LaTeX Font Info:    ... okay on input line 8.
LaTeX Font Info:    Checking defaults for OT1/cmr/m/n on input line 8.
LaTeX Font Info:    ... okay on input line 8.
LaTeX Font Info:    Checking defaults for T1/cmr/m/n on input line 8.
LaTeX Font Info:    ... okay on input line 8.
LaTeX Font Info:    Checking defaults for TS1/cmr/m/n on input line 8.
LaTeX Font Info:    ... okay on input line 8.
LaTeX Font Info:    Checking defaults for OMX/cmex/m/n on input line 8.
LaTeX Font Info:    ... okay on input line 8.
LaTeX Font Info:    Checking defaults for U/cmr/m/n on input line 8.
LaTeX Font Info:    ... okay on input line 8.
LaTeX Font Info:    Checking defaults for PD1/pdf/m/n on input line 8.
LaTeX Font Info:    ... okay on input line 8.
LaTeX Font Info:    Checking defaults for PU/pdf/m/n on input line 8.
LaTeX Font Info:    ... okay on input line 8.

*geometry* driver: auto-detecting
*geometry* detected driver: pdftex
*geometry* verbose mode - [ preamble ] result:
* driver: pdftex
* paper: <default>
* layout: <same size as paper>
* layoutoffset:(h,v)=(0.0pt,0.0pt)
* modes: 
* h-part:(L,W,R)=(71.13188pt, 443.57848pt, 99.58464pt)
* v-part:(T,H,B)=(56.9055pt, 642.66711pt, 95.39737pt)
* \paperwidth=614.295pt
* \paperheight=794.96999pt
* \textwidth=443.57848pt
* \textheight=642.66711pt
* \oddsidemargin=-1.1381pt
* \evensidemargin=-1.1381pt
* \topmargin=-52.36449pt
* \headheight=14.49998pt
* \headsep=25.0pt
* \topskip=12.0pt
* \footskip=30.0pt
* \marginparwidth=44.0pt
* \marginparsep=10.0pt
* \columnsep=10.0pt
* \skip\footins=10.8pt plus 4.0pt minus 2.0pt
* \hoffset=0.0pt
* \voffset=0.0pt
* \mag=1000
* \@twocolumnfalse
* \@twosidefalse
* \@mparswitchfalse
* \@reversemarginfalse
* (1in=72.27pt=25.4mm, 1cm=28.453pt)

(/usr/share/texlive/texmf-dist/tex/context/base/mkii/supp-pdf.mkii
[Loading MPS to PDF converter (version 2006.09.02).]
\scratchcounter=\count346
\scratchdimen=\dimen188
\scratchbox=\box61
\nofMPsegments=\count347
\nofMParguments=\count348
\everyMPshowfont=\toks40
\MPscratchCnt=\count349
\MPscratchDim=\dimen189
\MPnumerator=\count350
\makeMPintoPDFobject=\count351
\everyMPtoPDFconversion=\toks41
) (/usr/share/texlive/texmf-dist/tex/latex/epstopdf-pkg/epstopdf-base.sty
Package: epstopdf-base 2020-01-24 v2.11 Base part for package epstopdf
Package epstopdf-base Info: Redefining graphics rule for `.eps' on input line 485.
 (/usr/share/texlive/texmf-dist/tex/latex/latexconfig/epstopdf-sys.cfg
File: epstopdf-sys.cfg 2010/07/13 v1.3 Configuration of (r)epstopdf for TeX Live
))
Package caption Info: Begin \AtBeginDocument code.
Package caption Info: hyperref package is loaded.
Package caption Info: longtable package is loaded.
 (/usr/share/texlive/texmf-dist/tex/latex/caption/ltcaption.sty
Package: ltcaption 2020/05/30 v1.4b longtable captions (AR)
)
Package caption Info: supertabular package is loaded.
Package caption Info: End \AtBeginDocument code.
 (/usr/share/texlive/texmf-dist/tex/latex/graphics/color.sty
Package: color 2021/12/07 v1.3c Standard LaTeX Color (DPC)
 (/usr/share/texlive/texmf-dist/tex/latex/graphics-cfg/color.cfg
File: color.cfg 2016/01/02 v1.6 sample color configuration
)
Package color Info: Driver file: pdftex.def on input line 149.
)
Package hyperref Info: Link coloring ON on input line 8.
 (/usr/share/texlive/texmf-dist/tex/latex/hyperref/nameref.sty
Package: nameref 2021-04-02 v2.47 Cross-referencing by name of section
 (/usr/share/texlive/texmf-dist/tex/latex/refcount/refcount.sty
Package: refcount 2019/12/15 v3.6 Data extraction from label references (HO)
) (/usr/share/texlive/texmf-dist/tex/generic/gettitlestring/gettitlestring.sty
Package: gettitlestring 2019/12/15 v1.6 Cleanup title references (HO)
)
\c@section@level=\count352
)
LaTeX Info: Redefining \ref on input line 8.
LaTeX Info: Redefining \pageref on input line 8.
LaTeX Info: Redefining \nameref on input line 8.
 (./main.out) (./main.out)
\@outlinefile=\write6
\openout6 = `main.out'.

\openout2 = `TitlePage.aux'.

 (./TitlePage.tex
<Figures/Logo.png, id=225, 341.275pt x 341.275pt>
File: Figures/Logo.png Graphic file (type png)
<use Figures/Logo.png>
Package pdftex.def Info: Figures/Logo.png  used on input line 4.
(pdftex.def)             Requested size: 341.27415pt x 341.27415pt.
 [1

\openout3 = `main.ist'.


{/var/lib/texmf/fonts/map/pdftex/updmap/pdftex.map} <./Figures/Logo.png>]) (./main.toc
LaTeX Font Info:    Trying to load font information for U+msa on input line 3.
 (/usr/share/texlive/texmf-dist/tex/latex/amsfonts/umsa.fd
File: umsa.fd 2013/01/14 v3.01 AMS symbols A
)
LaTeX Font Info:    Trying to load font information for U+msb on input line 3.
 (/usr/share/texlive/texmf-dist/tex/latex/amsfonts/umsb.fd
File: umsb.fd 2013/01/14 v3.01 AMS symbols B
)pdfTeX warning (ext4): destination with the same identifier (name{page.i}) has been already used, duplicate ignored
<to be read again> 
                   \relax 
l.25 ...ter}{\numberline {2}Models}{18}{chapter.2}
                                                  % [1



] [2])
\tf@toc=\write7
\openout7 = `main.toc'.

 [3]
No file main.acr.
[4

]
\openout2 = `Chapter1.aux'.

 (./Chapter1.tex
Chapter 1.
<Figures/ProcessingChain.png, id=308, 616.3025pt x 318.18875pt>
File: Figures/ProcessingChain.png Graphic file (type png)
<use Figures/ProcessingChain.png>
Package pdftex.def Info: Figures/ProcessingChain.png  used on input line 13.
(pdftex.def)             Requested size: 308.1505pt x 159.09398pt.

LaTeX Warning: `h' float specifier changed to `ht'.


Underfull \hbox (badness 10000) in paragraph at lines 19--24

 []

[1


]
Underfull \hbox (badness 10000) in paragraph at lines 25--29

 []

<Figures/Sampling.png, id=313, 543.02875pt x 139.52126pt>
File: Figures/Sampling.png Graphic file (type png)
<use Figures/Sampling.png>
Package pdftex.def Info: Figures/Sampling.png  used on input line 34.
(pdftex.def)             Requested size: 271.5137pt x 69.76045pt.
[2 <./Figures/ProcessingChain.png>] [3 <./Figures/Sampling.png>]
<Figures/AdditiveModel.png, id=334, 550.055pt x 266.9975pt>
File: Figures/AdditiveModel.png Graphic file (type png)
<use Figures/AdditiveModel.png>
Package pdftex.def Info: Figures/AdditiveModel.png  used on input line 67.
(pdftex.def)             Requested size: 275.02682pt x 133.49841pt.
 [4] [5 <./Figures/AdditiveModel.png>]
<Figures/HSV1.png, id=345, 368.37625pt x 273.02pt>
File: Figures/HSV1.png Graphic file (type png)
<use Figures/HSV1.png>
Package pdftex.def Info: Figures/HSV1.png  used on input line 102.
(pdftex.def)             Requested size: 147.34789pt x 109.20605pt.
<Figures/HSV2.png, id=346, 249.93375pt x 255.95625pt>
File: Figures/HSV2.png Graphic file (type png)
<use Figures/HSV2.png>
Package pdftex.def Info: Figures/HSV2.png  used on input line 106.
(pdftex.def)             Requested size: 124.96657pt x 127.9778pt.

Overfull \hbox (2.61107pt too wide) in paragraph at lines 101--109
[]$[]$ $[]$ 
 []

[6 <./Figures/HSV1.png> <./Figures/HSV2.png>]
Underfull \hbox (badness 10000) in paragraph at lines 126--129

 []

[7]
<Figures/Histogram.png, id=358, 637.38126pt x 343.2825pt>
File: Figures/Histogram.png Graphic file (type png)
<use Figures/Histogram.png>
Package pdftex.def Info: Figures/Histogram.png  used on input line 156.
(pdftex.def)             Requested size: 318.68985pt x 171.64082pt.


LaTeX Warning: `h' float specifier changed to `ht'.

[8]
<Figures/Stretching.jpeg, id=364, 1284.8pt x 738.76pt>
File: Figures/Stretching.jpeg Graphic file (type jpg)
<use Figures/Stretching.jpeg>
Package pdftex.def Info: Figures/Stretching.jpeg  used on input line 183.
(pdftex.def)             Requested size: 385.44298pt x 221.6297pt.


LaTeX Warning: `h' float specifier changed to `ht'.

[9 <./Figures/Histogram.png>]
<Figures/OperationsHist.png, id=371, 773.89125pt x 190.7125pt>
File: Figures/OperationsHist.png Graphic file (type png)
<use Figures/OperationsHist.png>
Package pdftex.def Info: Figures/OperationsHist.png  used on input line 198.
(pdftex.def)             Requested size: 386.94467pt x 95.356pt.
 [10 <./Figures/Stretching.jpeg> <./Figures/OperationsHist.png>]
<Figures/Convolution.png, id=380, 778.91pt x 386.44376pt>
File: Figures/Convolution.png Graphic file (type png)
<use Figures/Convolution.png>
Package pdftex.def Info: Figures/Convolution.png  used on input line 238.
(pdftex.def)             Requested size: 233.6748pt x 115.93402pt.

Overfull \hbox (40.50987pt too wide) in paragraph at lines 218--242
\OT1/cmr/bx/n/12 Roberts op-er-a-tor: $[]  []$ Pre-witt op-er-a-tor: $[]  []$ 
 []

[11] [12 <./Figures/Convolution.png>]
<Figures/Noise.png, id=391, 846.16125pt x 310.15875pt>
File: Figures/Noise.png Graphic file (type png)
<use Figures/Noise.png>
Package pdftex.def Info: Figures/Noise.png  used on input line 261.
(pdftex.def)             Requested size: 423.07959pt x 155.079pt.


LaTeX Warning: `h' float specifier changed to `ht'.

[13] [14 <./Figures/Noise.png>]
<Figures/Dilatation.png, id=406, 488.82625pt x 185.69376pt>
File: Figures/Dilatation.png Graphic file (type png)
<use Figures/Dilatation.png>
Package pdftex.def Info: Figures/Dilatation.png  used on input line 284.
(pdftex.def)             Requested size: 244.41252pt x 92.84665pt.
 [15 <./Figures/Dilatation.png>]
<Figures/Erosion.png, id=413, 488.82625pt x 185.69376pt>
File: Figures/Erosion.png Graphic file (type png)
<use Figures/Erosion.png>
Package pdftex.def Info: Figures/Erosion.png  used on input line 298.
(pdftex.def)             Requested size: 244.41252pt x 92.84665pt.
<Figures/Opening.png, id=414, 657.45625pt x 222.8325pt>
File: Figures/Opening.png Graphic file (type png)
<use Figures/Opening.png>
Package pdftex.def Info: Figures/Opening.png  used on input line 311.
(pdftex.def)             Requested size: 262.97784pt x 89.13141pt.

Overfull \hbox (41.18861pt too wide) in paragraph at lines 311--312
[][] 
 []

<Figures/Closing.png, id=415, 657.45625pt x 222.8325pt>
File: Figures/Closing.png Graphic file (type png)
<use Figures/Closing.png>
Package pdftex.def Info: Figures/Closing.png  used on input line 316.
(pdftex.def)             Requested size: 262.97784pt x 89.13141pt.

Overfull \hbox (41.18861pt too wide) in paragraph at lines 316--317
[][] 
 []


Overfull \hbox (2.61107pt too wide) in paragraph at lines 310--321
[]$[]$ $[]$
 []

) [16 <./Figures/Erosion.png> <./Figures/Opening.png> <./Figures/Closing.png>] [17]
\openout2 = `Chapter2.aux'.

 (./Chapter2.tex
Chapter 2.
<Figures/Pinhole.png, id=430, 917.4275pt x 442.65375pt>
File: Figures/Pinhole.png Graphic file (type png)
<use Figures/Pinhole.png>
Package pdftex.def Info: Figures/Pinhole.png  used on input line 8.
(pdftex.def)             Requested size: 443.57848pt x 214.02487pt.

LaTeX Warning: `h' float specifier changed to `ht'.

[18




] [19 <./Figures/Pinhole.png>]
<Figures/Perspective_proj1.jpeg, id=442, 1284.8pt x 654.445pt>
File: Figures/Perspective_proj1.jpeg Graphic file (type jpg)
<use Figures/Perspective_proj1.jpeg>
Package pdftex.def Info: Figures/Perspective_proj1.jpeg  used on input line 38.
(pdftex.def)             Requested size: 256.95544pt x 130.88667pt.

Overfull \hbox (35.16621pt too wide) in paragraph at lines 38--40
[][]
 []

<Figures/Perspective_proj.jpeg, id=443, 681.54625pt x 335.2525pt>
File: Figures/Perspective_proj.jpeg Graphic file (type jpg)
<use Figures/Perspective_proj.jpeg>
Package pdftex.def Info: Figures/Perspective_proj.jpeg  used on input line 42.
(pdftex.def)             Requested size: 272.61366pt x 134.09862pt.

Overfull \hbox (50.82443pt too wide) in paragraph at lines 42--44
[][]
 []


Overfull \hbox (2.61107pt too wide) in paragraph at lines 37--46
[]$[]$ $[]$
 []

<Figures/Orthographic_proj.png, id=444, 580.1675pt x 259.97125pt>
File: Figures/Orthographic_proj.png Graphic file (type png)
<use Figures/Orthographic_proj.png>
Package pdftex.def Info: Figures/Orthographic_proj.png  used on input line 68.
(pdftex.def)             Requested size: 221.78923pt x 99.38115pt.
[20 <./Figures/Perspective_proj1.jpeg> <./Figures/Perspective_proj.jpeg>]
<Figures/Illumination.png, id=451, 459.7175pt x 170.6375pt>
File: Figures/Illumination.png Graphic file (type png)
<use Figures/Illumination.png>
Package pdftex.def Info: Figures/Illumination.png  used on input line 107.
(pdftex.def)             Requested size: 221.78923pt x 82.32425pt.
 [21 <./Figures/Orthographic_proj.png>] [22 <./Figures/Illumination.png>] [23]
<Figures/ThinLenses.png, id=469, 518.93875pt x 281.05pt>
File: Figures/ThinLenses.png Graphic file (type png)
<use Figures/ThinLenses.png>
Package pdftex.def Info: Figures/ThinLenses.png  used on input line 147.
(pdftex.def)             Requested size: 221.78923pt x 120.12009pt.
<Figures/Focus.png, id=470, 959.585pt x 440.64626pt>
File: Figures/Focus.png Graphic file (type png)
<use Figures/Focus.png>
Package pdftex.def Info: Figures/Focus.png  used on input line 155.
(pdftex.def)             Requested size: 443.57848pt x 203.69484pt.


LaTeX Warning: `h' float specifier changed to `ht'.

[24 <./Figures/ThinLenses.png>]) [25 <./Figures/Focus.png>] [26]
\openout2 = `Chapter3.aux'.

 (./Chapter3.tex
Chapter 3.

Underfull \hbox (badness 10000) in paragraph at lines 2--6

 []

<Figures/2DMotion.png, id=488, 584.1825pt x 289.08pt>
File: Figures/2DMotion.png Graphic file (type png)
<use Figures/2DMotion.png>
Package pdftex.def Info: Figures/2DMotion.png  used on input line 11.
(pdftex.def)             Requested size: 310.50357pt x 153.65717pt.
<Figures/Example.png, id=489, 569.12625pt x 183.68625pt>
File: Figures/Example.png Graphic file (type png)
<use Figures/Example.png>
Package pdftex.def Info: Figures/Example.png  used on input line 18.
(pdftex.def)             Requested size: 310.50357pt x 100.22052pt.

LaTeX Warning: `h' float specifier changed to `ht'.


LaTeX Warning: `h' float specifier changed to `ht'.

[27




] [28 <./Figures/2DMotion.png> <./Figures/Example.png>]
<Figures/Occlusion.png, id=502, 321.2pt x 264.99pt>
File: Figures/Occlusion.png Graphic file (type png)
<use Figures/Occlusion.png>
Package pdftex.def Info: Figures/Occlusion.png  used on input line 49.
(pdftex.def)             Requested size: 221.78923pt x 182.98077pt.
 [29]
<Figures/Aperture.jpg, id=507, 995.72pt x 501.875pt>
File: Figures/Aperture.jpg Graphic file (type jpg)
<use Figures/Aperture.jpg>
Package pdftex.def Info: Figures/Aperture.jpg  used on input line 59.
(pdftex.def)             Requested size: 310.50357pt x 156.50626pt.


LaTeX Warning: `h' float specifier changed to `ht'.

[30 <./Figures/Occlusion.png>]
Underfull \hbox (badness 10000) in paragraph at lines 70--73

 []

[31 <./Figures/Aperture.jpg>]
<Figures/OpticalFlow.png, id=519, 785.93625pt x 458.71375pt>
File: Figures/OpticalFlow.png Graphic file (type png)
<use Figures/OpticalFlow.png>
Package pdftex.def Info: Figures/OpticalFlow.png  used on input line 92.
(pdftex.def)             Requested size: 443.57848pt x 258.90077pt.
<Figures/ChangeDetection.png, id=520, 896.34875pt x 407.5225pt>
File: Figures/ChangeDetection.png Graphic file (type png)
<use Figures/ChangeDetection.png>
Package pdftex.def Info: Figures/ChangeDetection.png  used on input line 101.
(pdftex.def)             Requested size: 310.50357pt x 141.1675pt.
 [32 <./Figures/OpticalFlow.png>] [33 <./Figures/ChangeDetection.png>] [34]
<Figures/FrameDifferencing.png, id=539, 496.85625pt x 144.54pt>
File: Figures/FrameDifferencing.png Graphic file (type png)
<use Figures/FrameDifferencing.png>
Package pdftex.def Info: Figures/FrameDifferencing.png  used on input line 149.
(pdftex.def)             Requested size: 248.4275pt x 72.2698pt.
<Figures/DifferencingDiagram.jpeg, id=540, 334.24875pt x 371.28712pt>
File: Figures/DifferencingDiagram.jpeg Graphic file (type jpg)
<use Figures/DifferencingDiagram.jpeg>
Package pdftex.def Info: Figures/DifferencingDiagram.jpeg  used on input line 152.
(pdftex.def)             Requested size: 167.12396pt x 185.6431pt.

Overfull \hbox (2.61107pt too wide) in paragraph at lines 148--154
[]$[]$ $[]$
 []

[35 <./Figures/FrameDifferencing.png> <./Figures/DifferencingDiagram.jpeg>]
<Figures/BackgroundSub.png, id=547, 762.85pt x 140.525pt>
File: Figures/BackgroundSub.png Graphic file (type png)
<use Figures/BackgroundSub.png>
Package pdftex.def Info: Figures/BackgroundSub.png  used on input line 183.
(pdftex.def)             Requested size: 305.1346pt x 56.20898pt.


LaTeX Warning: `h' float specifier changed to `ht'.

[36] [37 <./Figures/BackgroundSub.png>]) [38]
\openout2 = `Chapter4.aux'.

 (./Chapter4.tex
Chapter 4.
[39




] [40] [41]) [42]
\openout2 = `Chapter5.aux'.

 (./Chapter5.tex
Chapter 5.
) [43




]
\openout2 = `Chapter6.aux'.

 (./Chapter6.tex
Chapter 6.
) [44




]
\openout2 = `Chapter7.aux'.

 (./Chapter7.tex
Chapter 7.
) [45




]
\openout2 = `Chapter8.aux'.

 (./Chapter8.tex
Chapter 8.
) [46




] (./main.bbl

LaTeX Warning: Empty `thebibliography' environment on input line 3.

) [47



] (./main.aux (./TitlePage.aux) (./Chapter1.aux) (./Chapter2.aux) (./Chapter3.aux) (./Chapter4.aux) (./Chapter5.aux) (./Chapter6.aux) (./Chapter7.aux) (./Chapter8.aux))

LaTeX Warning: There were multiply-defined labels.

Package rerunfilecheck Info: File `main.out' has not changed.
(rerunfilecheck)             Checksum: 166A8A106B508610CFA3CDA11842AF88;7695.
 ) 
Here is how much of TeX's memory you used:
 20218 strings out of 478287
 357841 string characters out of 5849289
 704846 words of memory out of 5000000
 37860 multiletter control sequences out of 15000+600000
 478461 words of font info for 61 fonts, out of 8000000 for 9000
 1141 hyphenation exceptions out of 8191
 96i,12n,134p,1212b,555s stack positions out of 5000i,500n,10000p,200000b,80000s
{/usr/share/texmf/fonts/enc/dvips/cm-super/cm-super-ts1.enc}</usr/share/texlive/texmf-dist/fonts/type1/public/amsfonts/cm/cmbx12.pfb></usr/share/texlive/texmf-dist/fonts/type1/public/amsfonts/cm/cmex10.pfb></usr/share/texlive/texmf-dist/fonts/type1/public/amsfonts/cm/cmmi12.pfb></usr/share/texlive/texmf-dist/fonts/type1/public/amsfonts/cm/cmmi6.pfb></usr/share/texlive/texmf-dist/fonts/type1/public/amsfonts/cm/cmmi8.pfb></usr/share/texlive/texmf-dist/fonts/type1/public/amsfonts/cm/cmr10.pfb></usr/share/texlive/texmf-dist/fonts/type1/public/amsfonts/cm/cmr12.pfb></usr/share/texlive/texmf-dist/fonts/type1/public/amsfonts/cm/cmr6.pfb></usr/share/texlive/texmf-dist/fonts/type1/public/amsfonts/cm/cmr8.pfb></usr/share/texlive/texmf-dist/fonts/type1/public/amsfonts/cm/cmsl12.pfb></usr/share/texlive/texmf-dist/fonts/type1/public/amsfonts/cm/cmsy10.pfb></usr/share/texlive/texmf-dist/fonts/type1/public/amsfonts/cm/cmsy8.pfb></usr/share/texlive/texmf-dist/fonts/type1/public/amsfonts/cm/cmti12.pfb></usr/share/texlive/texmf-dist/fonts/type1/public/amsfonts/cm/cmtt12.pfb></usr/share/texlive/texmf-dist/fonts/type1/public/amsfonts/symbols/msbm10.pfb></usr/share/texmf/fonts/type1/public/cm-super/sfrm1200.pfb>
Output written on main.pdf (52 pages, 1521505 bytes).
PDF statistics:
 705 PDF objects out of 1000 (max. 8388607)
 556 compressed objects within 6 object streams
 138 named destinations out of 1000 (max. 500000)
 596 words of extra memory for PDF output out of 10000 (max. 10000000)

