\BOOKMARK [0][-]{chapter.1}{\376\377\000I\000m\000a\000g\000e\000s\000\040\000a\000n\000d\000\040\000V\000i\000d\000e\000o\000s}{}% 1
\BOOKMARK [1][-]{section.1.1}{\376\377\000D\000e\000f\000i\000n\000i\000t\000i\000o\000n\000s}{chapter.1}% 2
\BOOKMARK [2][-]{subsection.1.1.1}{\376\377\000C\000o\000m\000p\000u\000t\000e\000r\000\040\000V\000i\000s\000i\000o\000n}{section.1.1}% 3
\BOOKMARK [2][-]{subsection.1.1.2}{\376\377\000A\000c\000q\000u\000i\000s\000i\000t\000i\000o\000n}{section.1.1}% 4
\BOOKMARK [2][-]{subsection.1.1.3}{\376\377\000D\000i\000g\000i\000t\000a\000l\000\040\000I\000m\000a\000g\000e\000s}{section.1.1}% 5
\BOOKMARK [2][-]{subsection.1.1.4}{\376\377\000S\000a\000m\000p\000l\000i\000n\000g}{section.1.1}% 6
\BOOKMARK [1][-]{section.1.2}{\376\377\000C\000o\000l\000o\000r}{chapter.1}% 7
\BOOKMARK [2][-]{subsection.1.2.1}{\376\377\000A\000d\000d\000i\000t\000i\000v\000e\000\040\000c\000o\000l\000o\000r\000\040\000m\000o\000d\000e\000l}{section.1.2}% 8
\BOOKMARK [2][-]{subsection.1.2.2}{\376\377\000B\000a\000y\000e\000r\000\040\000P\000a\000t\000t\000e\000r\000n}{section.1.2}% 9
\BOOKMARK [2][-]{subsection.1.2.3}{\376\377\000Q\000u\000a\000n\000t\000i\000z\000a\000t\000i\000o\000n}{section.1.2}% 10
\BOOKMARK [2][-]{subsection.1.2.4}{\376\377\000L\000i\000m\000i\000t\000s\000\040\000o\000f\000\040\000t\000h\000e\000\040\0002\000D}{section.1.2}% 11
\BOOKMARK [2][-]{subsection.1.2.5}{\376\377\000V\000i\000d\000e\000o}{section.1.2}% 12
\BOOKMARK [2][-]{subsection.1.2.6}{\376\377\000H\000i\000s\000t\000o\000g\000r\000a\000m}{section.1.2}% 13
\BOOKMARK [2][-]{subsection.1.2.7}{\376\377\000O\000p\000e\000r\000a\000t\000i\000o\000n\000s}{section.1.2}% 14
\BOOKMARK [1][-]{section.1.3}{\376\377\000E\000d\000g\000e\000\040\000e\000x\000t\000r\000a\000c\000t\000i\000o\000n}{chapter.1}% 15
\BOOKMARK [1][-]{section.1.4}{\376\377\000F\000i\000l\000t\000e\000r\000s}{chapter.1}% 16
\BOOKMARK [2][-]{subsection.1.4.1}{\376\377\000L\000o\000w\000-\000p\000a\000s\000s\000\040\000f\000i\000l\000t\000e\000r\000i\000n\000g}{section.1.4}% 17
\BOOKMARK [2][-]{subsection.1.4.2}{\376\377\000G\000a\000u\000s\000s\000i\000a\000n\000\040\000f\000i\000l\000t\000e\000r\000i\000n\000g}{section.1.4}% 18
\BOOKMARK [2][-]{subsection.1.4.3}{\376\377\000M\000e\000d\000i\000a\000n\000\040\000f\000i\000l\000t\000e\000r\000i\000n\000g}{section.1.4}% 19
\BOOKMARK [1][-]{section.1.5}{\376\377\000M\000o\000r\000p\000h\000o\000l\000o\000g\000y}{chapter.1}% 20
\BOOKMARK [2][-]{subsection.1.5.1}{\376\377\000D\000i\000l\000a\000t\000i\000o\000n}{section.1.5}% 21
\BOOKMARK [2][-]{subsection.1.5.2}{\376\377\000E\000r\000o\000s\000i\000o\000n}{section.1.5}% 22
\BOOKMARK [2][-]{subsection.1.5.3}{\376\377\000C\000l\000o\000s\000i\000n\000g\000\040\000a\000n\000d\000\040\000O\000p\000e\000n\000i\000n\000g}{section.1.5}% 23
\BOOKMARK [0][-]{chapter.2}{\376\377\000M\000o\000d\000e\000l\000s}{}% 24
\BOOKMARK [0][-]{chapter.3}{\376\377\000M\000o\000t\000i\000o\000n\000\040\000D\000e\000t\000e\000c\000t\000i\000o\000n}{}% 25
\BOOKMARK [0][-]{chapter.4}{\376\377\000M\000o\000t\000i\000o\000n\000\040\000T\000r\000a\000c\000k\000i\000n\000g}{}% 26
\BOOKMARK [0][-]{chapter.5}{\376\377\000G\000e\000o\000m\000e\000t\000r\000y}{}% 27
\BOOKMARK [0][-]{chapter.6}{\376\377\000L\000o\000c\000a\000l\000\040\000F\000e\000a\000t\000u\000r\000e\000\040\000E\000x\000t\000r\000a\000c\000t\000i\000o\000n}{}% 28
\BOOKMARK [0][-]{chapter.7}{\376\377\000C\000l\000a\000s\000s\000i\000f\000i\000c\000a\000t\000i\000o\000n}{}% 29
\BOOKMARK [0][-]{chapter.8}{\376\377\000M\000o\000t\000i\000o\000n\000\040\000C\000a\000p\000t\000u\000r\000e}{}% 30
